[35m[Appium][39m Welcome to Appium v1.22.2
[35m[Appium][39m Non-default server args:
[35m[Appium][39m   port: 49698
[35m[Appium][39m   tmpDir: /var/folders/cr/5_3bb9_n32z2l73569rbcm5r0000gn/T//Katalon/Appium/Temp1655192644843
[35m[Appium][39m   chromedriverPort: 49699
[35m[Appium][39m Deprecated server args:
[35m[Appium][39m   [31m--chromedriver-port[39m => --default-capabilities
[35m[Appium][39m Default capabilities, which will be added to each request unless overridden by desired capabilities:
[35m[Appium][39m   chromedriverPort: 49699
[35m[Appium][39m Appium REST http interface listener started on 0.0.0.0:49698
[35m[HTTP][39m [37m-->[39m [37mGET[39m [37m/wd/hub/status[39m
[35m[HTTP][39m [90m{}[39m
[debug] [35m[GENERIC][39m Calling AppiumDriver.getStatus() with args: []
[debug] [35m[GENERIC][39m Responding to client with driver.getStatus() result: {"build":{"version":"1.22.2"}}
[35m[HTTP][39m [37m<-- GET /wd/hub/status [39m[32m200[39m [90m5 ms - 68[39m
[35m[HTTP][39m [90m[39m
[35m[HTTP][39m [37m-->[39m [37mGET[39m [37m/wd/hub/status[39m
[35m[HTTP][39m [90m{}[39m
[debug] [35m[GENERIC][39m Calling AppiumDriver.getStatus() with args: []
[debug] [35m[GENERIC][39m Responding to client with driver.getStatus() result: {"build":{"version":"1.22.2"}}
[35m[HTTP][39m [37m<-- GET /wd/hub/status [39m[32m200[39m [90m1 ms - 68[39m
[35m[HTTP][39m [90m[39m
[35m[HTTP][39m [37m-->[39m [37mPOST[39m [37m/wd/hub/session[39m
[35m[HTTP][39m [90m{"desiredCapabilities":{"appActivity":".Settings","appPackage":"com.android.settings","newCommandTimeout":1800,"platformVersion":"12","automationName":"uiautomator2","autoGrantPermissions":true,"platformName":"Android","udid":"emulator-5554","deviceName":"emulator-5554 (sdk_gphone64_x86_64 - Android 12)","platform":"ANDROID","systemPort":8275},"capabilities":{"firstMatch":[{"appium:appActivity":".Settings","appium:appPackage":"com.android.settings","appium:autoGrantPermissions":true,"appium:automationName":"uiautomator2","appium:deviceName":"emulator-5554 (sdk_gphone64_x86_64 - Android 12)","appium:newCommandTimeout":1800,"platform":"ANDROID","platformName":"android","appium:platformVersion":"12","appium:systemPort":8275,"appium:udid":"emulator-5554"}]}}[39m
[debug] [35m[W3C][39m Calling AppiumDriver.createSession() with args: [{"appActivity":".Settings","appPackage":"com.android.settings","newCommandTimeout":1800,"platformVersion":"12","automationName":"uiautomator2","autoGrantPermissions":true,"platformName":"Android","udid":"emulator-5554","deviceName":"emulator-5554 (sdk_gphone64_x86_64 - Android 12)","platform":"ANDROID","systemPort":8275},null,{"firstMatch":[{"appium:appActivity":".Settings","appium:appPackage":"com.android.settings","appium:autoGrantPermissions":true,"appium:automationName":"uiautomator2","appium:deviceName":"emulator-5554 (sdk_gphone64_x86_64 - Android 12)","appium:newCommandTimeout":1800,"platform":"ANDROID","platformName":"android","appium:platformVersion":"12","appium:systemPort":8275,"appium:udid":"emulator-5554"}]}]
[debug] [35m[BaseDriver][39m Event 'newSessionRequested' logged at 1655192646242 (12:44:06 GMT+0500 (Pakistan Standard Time))
[35m[BaseDriver][39m The following capabilities are not standard capabilities and should have an extension prefix:
[35m[BaseDriver][39m   platform
[35m[BaseDriver][39m   chromedriverPort
[35m[Appium][39m Appium v1.22.2 creating new AndroidUiautomator2Driver (v1.70.1) session
[debug] [35m[BaseDriver][39m W3C capabilities and MJSONWP desired capabilities were provided
[debug] [35m[BaseDriver][39m Creating session with W3C capabilities: {
[debug] [35m[BaseDriver][39m   "alwaysMatch": {
[debug] [35m[BaseDriver][39m     "appium:platform": "ANDROID",
[debug] [35m[BaseDriver][39m     "platformName": "android",
[debug] [35m[BaseDriver][39m     "appium:chromedriverPort": 49699,
[debug] [35m[BaseDriver][39m     "appium:appActivity": ".Settings",
[debug] [35m[BaseDriver][39m     "appium:appPackage": "com.android.settings",
[debug] [35m[BaseDriver][39m     "appium:autoGrantPermissions": true,
[debug] [35m[BaseDriver][39m     "appium:automationName": "uiautomator2",
[debug] [35m[BaseDriver][39m     "appium:deviceName": "emulator-5554 (sdk_gphone64_x86_64 - Android 12)",
[debug] [35m[BaseDriver][39m     "appium:newCommandTimeout": 1800,
[debug] [35m[BaseDriver][39m     "appium:platformVersion": "12",
[debug] [35m[BaseDriver][39m     "appium:systemPort": 8275,
[debug] [35m[BaseDriver][39m     "appium:udid": "emulator-5554"
[debug] [35m[BaseDriver][39m   },
[debug] [35m[BaseDriver][39m   "firstMatch": [
[debug] [35m[BaseDriver][39m     {}
[debug] [35m[BaseDriver][39m   ]
[debug] [35m[BaseDriver][39m }
[35m[BaseDriver][39m The following capabilities were provided, but are not recognized by Appium:
[35m[BaseDriver][39m   platform
[35m[BaseDriver][39m Session created with session id: 303e53dd-61f1-476a-b527-7ee86e79a84e
[35m[UiAutomator2][39m Starting 'com.android.settings' directly on the device
[35m[ADB][39m Found 1 'build-tools' folders under '/Users/mac/.katalon/tools/android_sdk' (newest first):
[35m[ADB][39m     /Users/mac/.katalon/tools/android_sdk/build-tools/29.0.3
[35m[ADB][39m Using 'adb' from '/Users/mac/.katalon/tools/android_sdk/platform-tools/adb'
[debug] [35m[ADB][39m Running '/Users/mac/.katalon/tools/android_sdk/platform-tools/adb -P 5037 start-server'
[35m[AndroidDriver][39m Retrieving device list
[debug] [35m[ADB][39m Trying to find a connected android device
[debug] [35m[ADB][39m Getting connected devices
[debug] [35m[ADB][39m Connected devices: [{"udid":"emulator-5554","state":"device"}]
[35m[AndroidDriver][39m Using device: emulator-5554
[35m[ADB][39m Using 'adb' from '/Users/mac/.katalon/tools/android_sdk/platform-tools/adb'
[debug] [35m[ADB][39m Running '/Users/mac/.katalon/tools/android_sdk/platform-tools/adb -P 5037 start-server'
[debug] [35m[ADB][39m Setting device id to emulator-5554
[debug] [35m[ADB][39m Running '/Users/mac/.katalon/tools/android_sdk/platform-tools/adb -P 5037 -s emulator-5554 shell getprop ro.build.version.sdk'
[debug] [35m[ADB][39m Current device property 'ro.build.version.sdk': 32
[35m[ADB][39m Getting device platform version
[debug] [35m[ADB][39m Running '/Users/mac/.katalon/tools/android_sdk/platform-tools/adb -P 5037 -s emulator-5554 shell getprop ro.build.version.release'
[debug] [35m[ADB][39m Current device property 'ro.build.version.release': 12
[debug] [35m[ADB][39m Device API level: 32
[35m[UiAutomator2][39m Relaxing hidden api policy
[debug] [35m[ADB][39m Running '/Users/mac/.katalon/tools/android_sdk/platform-tools/adb -P 5037 -s emulator-5554 shell 'settings put global hidden_api_policy_pre_p_apps 1;settings put global hidden_api_policy_p_apps 1;settings put global hidden_api_policy 1''
[35m[AndroidDriver][39m No app sent in, not parsing package/activity
[debug] [35m[ADB][39m Running '/Users/mac/.katalon/tools/android_sdk/platform-tools/adb -P 5037 -s emulator-5554 wait-for-device'
[debug] [35m[ADB][39m Running '/Users/mac/.katalon/tools/android_sdk/platform-tools/adb -P 5037 -s emulator-5554 shell echo ping'
[debug] [35m[AndroidDriver][39m Pushing settings apk to device...
[debug] [35m[ADB][39m Getting install status for io.appium.settings
[debug] [35m[ADB][39m Running '/Users/mac/.katalon/tools/android_sdk/platform-tools/adb -P 5037 -s emulator-5554 shell dumpsys package io.appium.settings'
[debug] [35m[ADB][39m 'io.appium.settings' is installed
[debug] [35m[ADB][39m Getting package info for 'io.appium.settings'
[debug] [35m[ADB][39m Running '/Users/mac/.katalon/tools/android_sdk/platform-tools/adb -P 5037 -s emulator-5554 shell dumpsys package io.appium.settings'
[debug] [35m[ADB][39m The version name of the installed 'io.appium.settings' is greater or equal to the application version name ('3.4.0' >= '3.4.0')
[debug] [35m[ADB][39m There is no need to install/upgrade '/Users/mac/node_modules/appium/node_modules/io.appium.settings/apks/settings_apk-debug.apk'
[debug] [35m[ADB][39m Getting IDs of all 'io.appium.settings' processes
[debug] [35m[ADB][39m Running '/Users/mac/.katalon/tools/android_sdk/platform-tools/adb -P 5037 -s emulator-5554 shell 'pgrep --help; echo $?''
[debug] [35m[ADB][39m Running '/Users/mac/.katalon/tools/android_sdk/platform-tools/adb -P 5037 -s emulator-5554 shell pgrep -f \(\[\[:blank:\]\]\|\^\)io\.appium\.settings\(\[\[:blank:\]\]\|\$\)'
[debug] [35m[AndroidDriver][39m io.appium.settings is already running. There is no need to reset its permissions.
[debug] [35m[Logcat][39m Starting logs capture with command: /Users/mac/.katalon/tools/android_sdk/platform-tools/adb -P 5037 -s emulator-5554 logcat -v threadtime
[debug] [35m[UiAutomator2][39m Forwarding UiAutomator2 Server port 6790 to local port 8275
[debug] [35m[ADB][39m Forwarding system: 8275 to device: 6790
[debug] [35m[ADB][39m Running '/Users/mac/.katalon/tools/android_sdk/platform-tools/adb -P 5037 -s emulator-5554 forward tcp:8275 tcp:6790'
[debug] [35m[ADB][39m Getting install status for io.appium.uiautomator2.server
[debug] [35m[ADB][39m Running '/Users/mac/.katalon/tools/android_sdk/platform-tools/adb -P 5037 -s emulator-5554 shell dumpsys package io.appium.uiautomator2.server'
[debug] [35m[ADB][39m 'io.appium.uiautomator2.server' is installed
[debug] [35m[ADB][39m Getting package info for 'io.appium.uiautomator2.server'
[debug] [35m[ADB][39m Running '/Users/mac/.katalon/tools/android_sdk/platform-tools/adb -P 5037 -s emulator-5554 shell dumpsys package io.appium.uiautomator2.server'
[debug] [35m[ADB][39m The version name of the installed 'io.appium.uiautomator2.server' is greater or equal to the application version name ('4.27.0' >= '4.27.0')
[debug] [35m[UiAutomator2][39m io.appium.uiautomator2.server installation state: sameVersionInstalled
[debug] [35m[ADB][39m Checking app cert for /Users/mac/node_modules/appium/node_modules/appium-uiautomator2-server/apks/appium-uiautomator2-server-v4.27.0.apk
[35m[ADB][39m Using 'apksigner.jar' from '/Users/mac/.katalon/tools/android_sdk/build-tools/29.0.3/lib/apksigner.jar'
[debug] [35m[ADB][39m Starting apksigner: '/Applications/Katalon Studio.app/Contents/Eclipse/jre/Contents/Home/bin/java' -Xmx1024M -Xss1m -jar /Users/mac/.katalon/tools/android_sdk/build-tools/29.0.3/lib/apksigner.jar verify --print-certs /Users/mac/node_modules/appium/node_modules/appium-uiautomator2-server/apks/appium-uiautomator2-server-v4.27.0.apk
[debug] [35m[ADB][39m apksigner stdout: Signer #1 certificate DN: EMAILADDRESS=android@android.com, CN=Android, OU=Android, O=Android, L=Mountain View, ST=California, C=US
[debug] [35m[ADB][39m Signer #1 certificate SHA-256 digest: a40da80a59d170caa950cf15c18c454d47a39b26989d8b640ecd745ba71bf5dc
[debug] [35m[ADB][39m Signer #1 certificate SHA-1 digest: 61ed377e85d386a8dfee6b864bd85b0bfaa5af81
[debug] [35m[ADB][39m Signer #1 certificate MD5 digest: e89b158e4bcf988ebd09eb83f5378e87
[debug] [35m[ADB][39m 
[debug] [35m[ADB][39m sha256 hash did match for 'appium-uiautomator2-server-v4.27.0.apk'
[35m[ADB][39m '/Users/mac/node_modules/appium/node_modules/appium-uiautomator2-server/apks/appium-uiautomator2-server-v4.27.0.apk' is signed with the default certificate
[debug] [35m[ADB][39m Getting install status for io.appium.uiautomator2.server.test
[debug] [35m[ADB][39m Running '/Users/mac/.katalon/tools/android_sdk/platform-tools/adb -P 5037 -s emulator-5554 shell dumpsys package io.appium.uiautomator2.server.test'
[debug] [35m[ADB][39m 'io.appium.uiautomator2.server.test' is installed
[debug] [35m[ADB][39m Checking app cert for /Users/mac/node_modules/appium/node_modules/appium-uiautomator2-server/apks/appium-uiautomator2-server-debug-androidTest.apk
[debug] [35m[ADB][39m Starting apksigner: '/Applications/Katalon Studio.app/Contents/Eclipse/jre/Contents/Home/bin/java' -Xmx1024M -Xss1m -jar /Users/mac/.katalon/tools/android_sdk/build-tools/29.0.3/lib/apksigner.jar verify --print-certs /Users/mac/node_modules/appium/node_modules/appium-uiautomator2-server/apks/appium-uiautomator2-server-debug-androidTest.apk
[debug] [35m[ADB][39m apksigner stdout: Signer #1 certificate DN: EMAILADDRESS=android@android.com, CN=Android, OU=Android, O=Android, L=Mountain View, ST=California, C=US
[debug] [35m[ADB][39m Signer #1 certificate SHA-256 digest: a40da80a59d170caa950cf15c18c454d47a39b26989d8b640ecd745ba71bf5dc
[debug] [35m[ADB][39m Signer #1 certificate SHA-1 digest: 61ed377e85d386a8dfee6b864bd85b0bfaa5af81
[debug] [35m[ADB][39m Signer #1 certificate MD5 digest: e89b158e4bcf988ebd09eb83f5378e87
[debug] [35m[ADB][39m 
[debug] [35m[ADB][39m sha256 hash did match for 'appium-uiautomator2-server-debug-androidTest.apk'
[35m[ADB][39m '/Users/mac/node_modules/appium/node_modules/appium-uiautomator2-server/apks/appium-uiautomator2-server-debug-androidTest.apk' is signed with the default certificate
[35m[UiAutomator2][39m Server packages are not going to be (re)installed
[debug] [35m[UiAutomator2][39m Waiting up to 30000ms for services to be available
[debug] [35m[ADB][39m Running '/Users/mac/.katalon/tools/android_sdk/platform-tools/adb -P 5037 -s emulator-5554 shell pm list instrumentation'
[debug] [35m[UiAutomator2][39m Instrumentation target 'io.appium.uiautomator2.server.test/androidx.test.runner.AndroidJUnitRunner' is available
[35m[ADB][39m Adding packages ["io.appium.settings","io.appium.uiautomator2.server","io.appium.uiautomator2.server.test"] to Doze whitelist
[debug] [35m[ADB][39m Got the following command chunks to execute: [["dumpsys","deviceidle","whitelist","+io.appium.settings",";","dumpsys","deviceidle","whitelist","+io.appium.uiautomator2.server",";","dumpsys","deviceidle","whitelist","+io.appium.uiautomator2.server.test",";"]]
[debug] [35m[ADB][39m Running '/Users/mac/.katalon/tools/android_sdk/platform-tools/adb -P 5037 -s emulator-5554 shell dumpsys deviceidle whitelist +io.appium.settings ; dumpsys deviceidle whitelist +io.appium.uiautomator2.server ; dumpsys deviceidle whitelist +io.appium.uiautomator2.server.test ;'
[debug] [35m[UiAutomator2][39m No app capability. Assuming it is already on the device
[debug] [35m[ADB][39m Getting install status for com.android.settings
[debug] [35m[ADB][39m Running '/Users/mac/.katalon/tools/android_sdk/platform-tools/adb -P 5037 -s emulator-5554 shell dumpsys package com.android.settings'
[debug] [35m[ADB][39m 'com.android.settings' is installed
[debug] [35m[ADB][39m Running '/Users/mac/.katalon/tools/android_sdk/platform-tools/adb -P 5037 -s emulator-5554 shell am force-stop com.android.settings'
[debug] [35m[ADB][39m Running '/Users/mac/.katalon/tools/android_sdk/platform-tools/adb -P 5037 -s emulator-5554 shell pm clear com.android.settings'
[debug] [35m[ADB][39m Running '/Users/mac/.katalon/tools/android_sdk/platform-tools/adb -P 5037 -s emulator-5554 shell dumpsys package com.android.settings'
[debug] [35m[ADB][39m Retrieving requested permissions
[debug] [35m[ADB][39m Retrieved 105 permissions from requested group
[debug] [35m[ADB][39m Retrieving granted permissions
[debug] [35m[ADB][39m Retrieved 150 permissions from install,runtime groups
[debug] [35m[ADB][39m Granting permissions ["android.launcher.permission.READ_SETTINGS","android.launcher.permission.WRITE_SETTINGS"] to 'com.android.settings'
[debug] [35m[ADB][39m Got the following command chunks to execute: [["pm","grant","com.android.settings","android.launcher.permission.READ_SETTINGS",";","pm","grant","com.android.settings","android.launcher.permission.WRITE_SETTINGS",";"]]
[debug] [35m[ADB][39m Running '/Users/mac/.katalon/tools/android_sdk/platform-tools/adb -P 5037 -s emulator-5554 shell pm grant com.android.settings android.launcher.permission.READ_SETTINGS ; pm grant com.android.settings android.launcher.permission.WRITE_SETTINGS ;'
[debug] [35m[AndroidDriver][39m Performed fast reset on the installed 'com.android.settings' application (stop and clear)
[debug] [35m[UiAutomator2][39m Performing shallow cleanup of automation leftovers
[debug] [35m[UiAutomator2][39m No obsolete sessions have been detected (socket hang up)
[debug] [35m[ADB][39m Running '/Users/mac/.katalon/tools/android_sdk/platform-tools/adb -P 5037 -s emulator-5554 shell am force-stop io.appium.uiautomator2.server.test'
[35m[UiAutomator2][39m Starting UIAutomator2 server 4.27.0
[35m[UiAutomator2][39m Using UIAutomator2 server from '/Users/mac/node_modules/appium/node_modules/appium-uiautomator2-server/apks/appium-uiautomator2-server-v4.27.0.apk' and test from '/Users/mac/node_modules/appium/node_modules/appium-uiautomator2-server/apks/appium-uiautomator2-server-debug-androidTest.apk'
[35m[UiAutomator2][39m Waiting up to 30000ms for UiAutomator2 to be online...
[debug] [35m[ADB][39m Creating ADB subprocess with args: ["-P",5037,"-s","emulator-5554","shell","am","instrument","-w","-e","disableAnalytics",true,"io.appium.uiautomator2.server.test/androidx.test.runner.AndroidJUnitRunner"]
[debug] [35m[WD Proxy][39m Matched '/status' to command name 'getStatus'
[debug] [35m[WD Proxy][39m Proxying [GET /status] to [GET http://127.0.0.1:8275/wd/hub/status] with no body
[35m[WD Proxy][39m socket hang up
[debug] [35m[WD Proxy][39m Matched '/status' to command name 'getStatus'
[debug] [35m[WD Proxy][39m Proxying [GET /status] to [GET http://127.0.0.1:8275/wd/hub/status] with no body
[35m[WD Proxy][39m socket hang up
[debug] [35m[Instrumentation][39m io.appium.uiautomator2.server.test.AppiumUiAutomator2Server:
[debug] [35m[WD Proxy][39m Matched '/status' to command name 'getStatus'
[debug] [35m[WD Proxy][39m Proxying [GET /status] to [GET http://127.0.0.1:8275/wd/hub/status] with no body
[35m[WD Proxy][39m socket hang up
[debug] [35m[WD Proxy][39m Matched '/status' to command name 'getStatus'
[debug] [35m[WD Proxy][39m Proxying [GET /status] to [GET http://127.0.0.1:8275/wd/hub/status] with no body
[debug] [35m[WD Proxy][39m Got response with status 200: {"sessionId":"None","value":{"message":"UiAutomator2 Server is ready to accept commands","ready":true}}
[debug] [35m[UiAutomator2][39m The initialization of the instrumentation process took 3217ms
[debug] [35m[WD Proxy][39m Matched '/session' to command name 'createSession'
[debug] [35m[WD Proxy][39m Proxying [POST /session] to [POST http://127.0.0.1:8275/wd/hub/session] with body: {"capabilities":{"firstMatch":[{"platform":"ANDROID","webStorageEnabled":false,"takesScreenshot":true,"javascriptEnabled":true,"databaseEnabled":false,"networkConnectionEnabled":true,"locationContextEnabled":false,"warnings":{},"desired":{"platformName":"android","platform":"ANDROID","chromedriverPort":49699,"appActivity":".Settings","appPackage":"com.android.settings","autoGrantPermissions":true,"automationName":"uiautomator2","deviceName":"emulator-5554 (sdk_gphone64_x86_64 - Android 12)","newCommandTimeout":1800,"platformVersion":"12","systemPort":8275,"udid":"emulator-5554"},"platformName":"android","chromedriverPort":49699,"appActivity":".Settings","appPackage":"com.android.settings","autoGrantPermissions":true,"automationName":"uiautomator2","deviceName":"emulator-5554","newCommandTimeout":1800,"platformVersion":"12","systemPort":8275,"udid":"emulator-5554","deviceUDID":"emulator-5554"}],"alwaysMatch":{}}}
[debug] [35m[WD Proxy][39m Got response with status 200: {"sessionId":"484787fa-44f8-4ff9-9721-f7e251366d8d","value":{"capabilities":{"firstMatch":[{"platform":"ANDROID","webStorageEnabled":false,"takesScreenshot":true,"javascriptEnabled":true,"databaseEnabled":false,"networkConnectionEnabled":true,"locationContextEnabled":false,"warnings":{},"desired":{"platformName":"android","platform":"ANDROID","chromedriverPort":49699,"appActivity":".Settings","appPackage":"com.android.settings","autoGrantPermissions":true,"automationName":"uiautomator2","deviceName":"emulator-5554 (sdk_gphone64_x86_64 - Android 12)","newCommandTimeout":1800,"platformVersion":"12","systemPort":8275,"udid":"emulator-5554"},"platformName":"android","chromedriverPort":49699,"appActivity":".Settings","appPackage":"com.android.settings","autoGrantPermissions":true,"automationName":"uiautomator2","deviceName":"emulator-5554","newCommandTimeout":1800,"platformVersion":"12","systemPort":8275,"udid":"emulator-5554","deviceUDID":"emulator-5554"}],"alwaysMatch":{}},"sessionId":"484787fa-44f8-4ff9-9721...
[35m[WD Proxy][39m Determined the downstream protocol as 'W3C'
[debug] [35m[WD Proxy][39m Proxying [GET /appium/device/info] to [GET http://127.0.0.1:8275/wd/hub/session/484787fa-44f8-4ff9-9721-f7e251366d8d/appium/device/info] with no body
[debug] [35m[WD Proxy][39m Got response with status 200: {"sessionId":"484787fa-44f8-4ff9-9721-f7e251366d8d","value":{"androidId":"f8da7fcdbc6d7a4c","apiVersion":"32","bluetooth":{"state":"ON"},"brand":"google","carrierName":"T-Mobile","displayDensity":480,"locale":"en_US","manufacturer":"Google","model":"sdk_gphone64_x86_64","networks":[{"capabilities":{"SSID":null,"linkDownBandwidthKbps":30000,"linkUpstreamBandwidthKbps":12000,"networkCapabilities":"NET_CAPABILITY_NOT_METERED,NET_CAPABILITY_INTERNET,NET_CAPABILITY_NOT_RESTRICTED,NET_CAPABILITY_TRUSTED,NET_CAPABILITY_NOT_VPN,NET_CAPABILITY_VALIDATED,NET_CAPABILITY_NOT_ROAMING,NET_CAPABILITY_FOREGROUND,NET_CAPABILITY_NOT_CONGESTED,NET_CAPABILITY_NOT_SUSPENDED","signalStrength":-50,"transportTypes":"TRANSPORT_WIFI"},"detailedState":"CONNECTED","extraInfo":"","isAvailable":true,"isConnected":true,"isFailover":false,"isRoaming":false,"state":"CONNECTED","subtype":-1,"subtypeName":"","type":1,"typeName":"WIFI"},{"capabilities":{"SSID":null,"linkDownBandwidthKbps":4300,"linkUpstreamBandwidthKbps":1800,"networkCapabil...
[debug] [35m[ADB][39m Running '/Users/mac/.katalon/tools/android_sdk/platform-tools/adb -P 5037 -s emulator-5554 shell dumpsys window'
[35m[AndroidDriver][39m Screen already unlocked, doing nothing
[35m[UiAutomator2][39m Starting 'com.android.settings/.Settings and waiting for 'com.android.settings/.Settings'
[debug] [35m[ADB][39m Running '/Users/mac/.katalon/tools/android_sdk/platform-tools/adb -P 5037 -s emulator-5554 shell am start -W -n com.android.settings/.Settings -S -a android.intent.action.MAIN -c android.intent.category.LAUNCHER -f 0x10200000'
[debug] [35m[WD Proxy][39m Proxying [GET /appium/device/pixel_ratio] to [GET http://127.0.0.1:8275/wd/hub/session/484787fa-44f8-4ff9-9721-f7e251366d8d/appium/device/pixel_ratio] with no body
[debug] [35m[WD Proxy][39m Got response with status 200: {"sessionId":"484787fa-44f8-4ff9-9721-f7e251366d8d","value":3}
[debug] [35m[WD Proxy][39m Matched '/appium/device/system_bars' to command name 'getSystemBars'
[debug] [35m[WD Proxy][39m Proxying [GET /appium/device/system_bars] to [GET http://127.0.0.1:8275/wd/hub/session/484787fa-44f8-4ff9-9721-f7e251366d8d/appium/device/system_bars] with no body
[debug] [35m[WD Proxy][39m Got response with status 200: {"sessionId":"484787fa-44f8-4ff9-9721-f7e251366d8d","value":{"statusBar":72}}
[debug] [35m[WD Proxy][39m Matched '/window/current/size' to command name 'getWindowSize'
[debug] [35m[WD Proxy][39m Proxying [GET /window/current/size] to [GET http://127.0.0.1:8275/wd/hub/session/484787fa-44f8-4ff9-9721-f7e251366d8d/window/current/size] with no body
[debug] [35m[WD Proxy][39m Got response with status 200: {"sessionId":"484787fa-44f8-4ff9-9721-f7e251366d8d","value":{"height":2832,"width":1440}}
[35m[Appium][39m New AndroidUiautomator2Driver session created successfully, session 303e53dd-61f1-476a-b527-7ee86e79a84e added to master session list
[debug] [35m[BaseDriver][39m Event 'newSessionStarted' logged at 1655192655729 (12:44:15 GMT+0500 (Pakistan Standard Time))
[debug] [35m[W3C (303e53dd)][39m Cached the protocol value 'W3C' for the new session 303e53dd-61f1-476a-b527-7ee86e79a84e
[debug] [35m[W3C (303e53dd)][39m Responding to client with driver.createSession() result: {"capabilities":{"platform":"ANDROID","webStorageEnabled":false,"takesScreenshot":true,"javascriptEnabled":true,"databaseEnabled":false,"networkConnectionEnabled":true,"locationContextEnabled":false,"warnings":{},"desired":{"platformName":"android","platform":"ANDROID","chromedriverPort":49699,"appActivity":".Settings","appPackage":"com.android.settings","autoGrantPermissions":true,"automationName":"uiautomator2","deviceName":"emulator-5554 (sdk_gphone64_x86_64 - Android 12)","newCommandTimeout":1800,"platformVersion":"12","systemPort":8275,"udid":"emulator-5554"},"platformName":"android","chromedriverPort":49699,"appActivity":".Settings","appPackage":"com.android.settings","autoGrantPermissions":true,"automationName":"uiautomator2","deviceName":"emulator-5554","newCommandTimeout":1800,"platformVersion":"12","systemPort":8275,"udid":"emulator-5554","deviceUDID":"emulator-5554","deviceApiLevel":32,"deviceScreenSize":"1440x2880","deviceScreenDensity":480,"deviceModel":"sdk_gphone64_x86_64","deviceManufacture...
[35m[HTTP][39m [37m<-- POST /wd/hub/session [39m[32m200[39m [90m9489 ms - 1191[39m
[35m[HTTP][39m [90m[39m
[35m[HTTP][39m [37m-->[39m [37mGET[39m [37m/wd/hub/session/303e53dd-61f1-476a-b527-7ee86e79a84e[39m
[35m[HTTP][39m [90m{}[39m
[debug] [35m[W3C (303e53dd)][39m Calling AppiumDriver.getSession() with args: ["303e53dd-61f1-476a-b527-7ee86e79a84e"]
[debug] [35m[UiAutomator2][39m Getting session details from server to mix in
[debug] [35m[WD Proxy][39m Matched '/' to command name 'getSession'
[debug] [35m[WD Proxy][39m Proxying [GET /] to [GET http://127.0.0.1:8275/wd/hub/session/484787fa-44f8-4ff9-9721-f7e251366d8d] with no body
[debug] [35m[WD Proxy][39m Got response with status 200: {"sessionId":"484787fa-44f8-4ff9-9721-f7e251366d8d","value":{"lastScrollData":null}}
[debug] [35m[W3C (303e53dd)][39m Responding to client with driver.getSession() result: {"platform":"ANDROID","webStorageEnabled":false,"takesScreenshot":true,"javascriptEnabled":true,"databaseEnabled":false,"networkConnectionEnabled":true,"locationContextEnabled":false,"warnings":{},"desired":{"platformName":"android","platform":"ANDROID","chromedriverPort":49699,"appActivity":".Settings","appPackage":"com.android.settings","autoGrantPermissions":true,"automationName":"uiautomator2","deviceName":"emulator-5554 (sdk_gphone64_x86_64 - Android 12)","newCommandTimeout":1800,"platformVersion":"12","systemPort":8275,"udid":"emulator-5554"},"platformName":"android","chromedriverPort":49699,"appActivity":".Settings","appPackage":"com.android.settings","autoGrantPermissions":true,"automationName":"uiautomator2","deviceName":"emulator-5554","newCommandTimeout":1800,"platformVersion":"12","systemPort":8275,"udid":"emulator-5554","deviceUDID":"emulator-5554","deviceApiLevel":32,"deviceScreenSize":"1440x2880","deviceScreenDensity":480,"deviceModel":"sdk_gphone64_x86_64","deviceManufacturer":"Google","pix...
[35m[HTTP][39m [37m<-- GET /wd/hub/session/303e53dd-61f1-476a-b527-7ee86e79a84e [39m[32m200[39m [90m29 ms - 1145[39m
[35m[HTTP][39m [90m[39m
[35m[HTTP][39m [37m-->[39m [37mGET[39m [37m/wd/hub/session/303e53dd-61f1-476a-b527-7ee86e79a84e[39m
[35m[HTTP][39m [90m{}[39m
[debug] [35m[W3C (303e53dd)][39m Calling AppiumDriver.getSession() with args: ["303e53dd-61f1-476a-b527-7ee86e79a84e"]
[debug] [35m[UiAutomator2][39m Getting session details from server to mix in
[debug] [35m[WD Proxy][39m Matched '/' to command name 'getSession'
[debug] [35m[WD Proxy][39m Proxying [GET /] to [GET http://127.0.0.1:8275/wd/hub/session/484787fa-44f8-4ff9-9721-f7e251366d8d] with no body
[debug] [35m[WD Proxy][39m Got response with status 200: {"sessionId":"484787fa-44f8-4ff9-9721-f7e251366d8d","value":{"lastScrollData":null}}
[debug] [35m[W3C (303e53dd)][39m Responding to client with driver.getSession() result: {"platform":"ANDROID","webStorageEnabled":false,"takesScreenshot":true,"javascriptEnabled":true,"databaseEnabled":false,"networkConnectionEnabled":true,"locationContextEnabled":false,"warnings":{},"desired":{"platformName":"android","platform":"ANDROID","chromedriverPort":49699,"appActivity":".Settings","appPackage":"com.android.settings","autoGrantPermissions":true,"automationName":"uiautomator2","deviceName":"emulator-5554 (sdk_gphone64_x86_64 - Android 12)","newCommandTimeout":1800,"platformVersion":"12","systemPort":8275,"udid":"emulator-5554"},"platformName":"android","chromedriverPort":49699,"appActivity":".Settings","appPackage":"com.android.settings","autoGrantPermissions":true,"automationName":"uiautomator2","deviceName":"emulator-5554","newCommandTimeout":1800,"platformVersion":"12","systemPort":8275,"udid":"emulator-5554","deviceUDID":"emulator-5554","deviceApiLevel":32,"deviceScreenSize":"1440x2880","deviceScreenDensity":480,"deviceModel":"sdk_gphone64_x86_64","deviceManufacturer":"Google","pix...
[35m[HTTP][39m [37m<-- GET /wd/hub/session/303e53dd-61f1-476a-b527-7ee86e79a84e [39m[32m200[39m [90m30 ms - 1145[39m
[35m[HTTP][39m [90m[39m
[35m[HTTP][39m [37m-->[39m [37mGET[39m [37m/wd/hub/status[39m
[35m[HTTP][39m [90m{}[39m
[debug] [35m[GENERIC][39m Calling AppiumDriver.getStatus() with args: []
[debug] [35m[GENERIC][39m Responding to client with driver.getStatus() result: {"build":{"version":"1.22.2"}}
[35m[HTTP][39m [37m<-- GET /wd/hub/status [39m[32m200[39m [90m1 ms - 68[39m
[35m[HTTP][39m [90m[39m
[35m[HTTP][39m [37m-->[39m [37mPOST[39m [37m/wd/hub/session/303e53dd-61f1-476a-b527-7ee86e79a84e/timeouts[39m
[35m[HTTP][39m [90m{"implicit":60000}[39m
[debug] [35m[W3C (303e53dd)][39m Calling AppiumDriver.timeouts() with args: [null,null,null,null,60000,"303e53dd-61f1-476a-b527-7ee86e79a84e"]
[debug] [35m[BaseDriver][39m W3C timeout argument: {"implicit":60000}}
[debug] [35m[BaseDriver][39m Set implicit wait to 60000ms
[debug] [35m[W3C (303e53dd)][39m Responding to client with driver.timeouts() result: null
[35m[HTTP][39m [37m<-- POST /wd/hub/session/303e53dd-61f1-476a-b527-7ee86e79a84e/timeouts [39m[32m200[39m [90m4 ms - 14[39m
[35m[HTTP][39m [90m[39m
[35m[HTTP][39m [37m-->[39m [37mGET[39m [37m/wd/hub/session/303e53dd-61f1-476a-b527-7ee86e79a84e/screenshot[39m
[35m[HTTP][39m [90m{}[39m
[debug] [35m[W3C (303e53dd)][39m Calling AppiumDriver.getScreenshot() with args: ["303e53dd-61f1-476a-b527-7ee86e79a84e"]
[debug] [35m[WD Proxy][39m Matched '/screenshot' to command name 'getScreenshot'
[debug] [35m[WD Proxy][39m Proxying [GET /screenshot] to [GET http://127.0.0.1:8275/wd/hub/session/484787fa-44f8-4ff9-9721-f7e251366d8d/screenshot] with no body
[debug] [35m[WD Proxy][39m Got response with status 200: {"sessionId":"484787fa-44f8-4ff9-9721-f7e251366d8d","value":"iVBORw0KGgoAAAANSUhEUgAABaAAAAtACAYAAADu24QXAAAAAXNSR0IArs4c6QAAAARzQklUCAgI\nCHwIZIgAACAASURBVHic7N15fNXlmTf+6wSyHEIAA0kgERWILCooarEFrHWrba120dqOnUc7WrtN\nn3lmnM4zaud52plpaze1z3Sb/qbbtNPFtmpb12mr1bpUEHEBBBEUhQTCEkJCSELCOb8/KKkoSM7J\n+SYB3u/Xi9Zz8r2v+wpSffVz7lx3qqWlLRsAAAAAAFBgRYPdAAAAAAAAhyYBNAAAAAAAiRBAAwAA\nAACQCAE0AAAAAACJEEADAAAAAJAIATQAAAAAAIkQQAMAAAAAkAgBNAAAAAAAiRBAAwAAAACQCAE0\nAAAAAACJEEADAAAAAJAIATQAAAAAAIkYPtgNwB7ZbDZSqVS0tbXFggWPxvLlz8TGjZsiIqKqqiqm\nT58Rp512WowePbr3WQAAAABg6Eq1tLRlB7sJDl/ZbDYymUz8+te/iscffzx27GiPTCYTqVQqstm9\n/2juea+oqCjS6RExe/bseOc73xXDhg0TRgMAAADAECSAZlBkMpnYsGF9/L//95Xo7u6OTCaTV51U\nKhUlJSXxsY99PI466ihBNAAAAAAMIQJoBlQ2m41t27bFP//zp151wrm/ystHxmc+89lDLoTu7OyI\nHTs6orS0NNLpdBQVHT6j2zOZTHR0dERXV1de6w/H3zMAAACGhm3btsWOHe3R0dEZ6XRZlJePjFGj\nRg12WwOuu7s7iouLB2y/hoZ1cdtttx7wuXe9691RV3fkAHSEGdAMmEwmE1/72lfjhReeL3j4HBHR\n0bGj4DWT1tzcHLt27YqxY8f2hqQdHTti48ZN0dTUFK2t26KtrS06OzujpKQk0ul0lJeXx6hRo6K6\nujqqq2t6/yGeyWSiubk5ioqK...
[debug] [35m[W3C (303e53dd)][39m Responding to client with driver.getScreenshot() result: "iVBORw0KGgoAAAANSUhEUgAABaAAAAtACAYAAADu24QXAAAAAXNSR0IArs4c6QAAAARzQklUCAgI\nCHwIZIgAACAASURBVHic7N15fNXlmTf+6wSyHEIAA0kgERWILCooarEFrHWrba120dqOnUc7WrtN\nn3lmnM4zaud52plpaze1z3Sb/qbbtNPFtmpb12mr1bpUEHEBBBEUhQTCEkJCSELCOb8/KKkoSM7J\n+SYB3u/Xi9Zz8r2v+wpSffVz7lx3qqWlLRsAAAAAAFBgRYPdAAAAAAAAhyYBNAAAAAAAiRBAAwAA\nAACQCAE0AAAAAACJEEADAAAAAJAIATQAAAAAAIkQQAMAAAAAkAgBNAAAAAAAiRBAAwAAAACQCAE0\nAAAAAACJEEADAAAAAJAIATQAAAAAAIkYPtgNwB7ZbDZSqVS0tbXFggWPxvLlz8TGjZsiIqKqqiqm\nT58Rp512WowePbr3WQAAAABg6Eq1tLRlB7sJDl/ZbDYymUz8+te/iscffzx27GiPTCYTqVQqstm9\n/2juea+oqCjS6RExe/bseOc73xXDhg0TRgMAAADAECSAZlBkMpnYsGF9/L//95Xo7u6OTCaTV51U\nKhUlJSXxsY99PI466ihBNAAAAAAMIQJoBlQ2m41t27bFP//zp151wrm/ystHxmc+89lDLoTu7OyI\nHTs6orS0NNLpdBQVHT6j2zOZTHR0dERXV1de6w/H3zMAAACGhm3btsWOHe3R0dEZ6XRZlJePjFGj\nRg12WwOuu7s7iouLB2y/hoZ1cdtttx7wuXe9691RV3fkAHSEGdAMmEwmE1/72lfjhReeL3j4HBHR\n0bGj4DWT1tzcHLt27YqxY8f2hqQdHTti48ZN0dTUFK2t26KtrS06OzujpKQk0ul0lJeXx6hRo6K6\nujqqq2t6/yGeyWSiubk5ioqKorKycjC/rYLIZDKxZs2aeOaZZdHW1pZXjZKSkqisrIzJk6dEbW3t\ngP4LDw...
[35m[HTTP][39m [37m<-- GET /wd/hub/session/303e53dd-61f1-476a-b527-7ee86e79a84e/screenshot [39m[32m200[39m [90m904 ms - 297398[39m
[35m[HTTP][39m [90m[39m
[35m[HTTP][39m [37m-->[39m [37mGET[39m [37m/wd/hub/session/303e53dd-61f1-476a-b527-7ee86e79a84e/window/rect[39m
[35m[HTTP][39m [90m{}[39m
[debug] [35m[W3C (303e53dd)][39m Calling AppiumDriver.getWindowRect() with args: ["303e53dd-61f1-476a-b527-7ee86e79a84e"]
[debug] [35m[WD Proxy][39m Matched '/window/current/size' to command name 'getWindowSize'
[debug] [35m[WD Proxy][39m Proxying [GET /window/current/size] to [GET http://127.0.0.1:8275/wd/hub/session/484787fa-44f8-4ff9-9721-f7e251366d8d/window/current/size] with no body
[debug] [35m[WD Proxy][39m Got response with status 200: {"sessionId":"484787fa-44f8-4ff9-9721-f7e251366d8d","value":{"height":2832,"width":1440}}
[debug] [35m[W3C (303e53dd)][39m Responding to client with driver.getWindowRect() result: {"width":1440,"height":2832,"x":0,"y":0}
[35m[HTTP][39m [37m<-- GET /wd/hub/session/303e53dd-61f1-476a-b527-7ee86e79a84e/window/rect [39m[32m200[39m [90m27 ms - 50[39m
[35m[HTTP][39m [90m[39m
[35m[HTTP][39m [37m-->[39m [37mGET[39m [37m/wd/hub/session/303e53dd-61f1-476a-b527-7ee86e79a84e/appium/device/system_bars[39m
[35m[HTTP][39m [90m{}[39m
[debug] [35m[W3C (303e53dd)][39m Calling AppiumDriver.getSystemBars() with args: ["303e53dd-61f1-476a-b527-7ee86e79a84e"]
[debug] [35m[ADB][39m Running '/Users/mac/.katalon/tools/android_sdk/platform-tools/adb -P 5037 -s emulator-5554 shell dumpsys window windows'
[debug] [35m[W3C (303e53dd)][39m Responding to client with driver.getSystemBars() result: {"statusBar":{"visible":true,"x":0,"y":0,"width":null,"height":1},"navigationBar":{"visible":true,"x":0,"y":0,"width":null,"height":1}}
[35m[HTTP][39m [37m<-- GET /wd/hub/session/303e53dd-61f1-476a-b527-7ee86e79a84e/appium/device/system_bars [39m[32m200[39m [90m100 ms - 145[39m
[35m[HTTP][39m [90m[39m
[35m[HTTP][39m [37m-->[39m [37mPOST[39m [37m/wd/hub/session/303e53dd-61f1-476a-b527-7ee86e79a84e/appium/device/activate_app[39m
[35m[HTTP][39m [90m{"bundleId":"com.fueled.lago_flutter"}[39m
[debug] [35m[W3C (303e53dd)][39m Calling AppiumDriver.activateApp() with args: ["com.fueled.lago_flutter",null,null,null,"303e53dd-61f1-476a-b527-7ee86e79a84e"]
[debug] [35m[AndroidDriver][39m Activating 'com.fueled.lago_flutter' with 'adb shell monkey -p com.fueled.lago_flutter -c android.intent.category.LAUNCHER 1' command
[debug] [35m[ADB][39m Running '/Users/mac/.katalon/tools/android_sdk/platform-tools/adb -P 5037 -s emulator-5554 shell monkey -p com.fueled.lago_flutter -c android.intent.category.LAUNCHER 1'
[debug] [35m[AndroidDriver][39m Command stdout: bash arg: -p
[debug] [35m[AndroidDriver][39m   bash arg: com.fueled.lago_flutter
[debug] [35m[AndroidDriver][39m   bash arg: -c
[debug] [35m[AndroidDriver][39m   bash arg: android.intent.category.LAUNCHER
[debug] [35m[AndroidDriver][39m   bash arg: 1
[debug] [35m[AndroidDriver][39m Events injected: 1
[debug] [35m[AndroidDriver][39m ## Network stats: elapsed time=120ms (0ms mobile, 0ms wifi, 120ms not connected)
[debug] [35m[W3C (303e53dd)][39m Responding to client with driver.activateApp() result: null
[35m[HTTP][39m [37m<-- POST /wd/hub/session/303e53dd-61f1-476a-b527-7ee86e79a84e/appium/device/activate_app [39m[32m200[39m [90m1122 ms - 14[39m
[35m[HTTP][39m [90m[39m
[35m[HTTP][39m [37m-->[39m [37mGET[39m [37m/wd/hub/session/303e53dd-61f1-476a-b527-7ee86e79a84e/source[39m
[35m[HTTP][39m [90m{}[39m
[35m[W3C (303e53dd)][39m Driver proxy active, passing request on via HTTP proxy
[debug] [35m[WD Proxy][39m Matched '/wd/hub/session/303e53dd-61f1-476a-b527-7ee86e79a84e/source' to command name 'getPageSource'
[debug] [35m[WD Proxy][39m Proxying [GET /wd/hub/session/303e53dd-61f1-476a-b527-7ee86e79a84e/source] to [GET http://127.0.0.1:8275/wd/hub/session/484787fa-44f8-4ff9-9721-f7e251366d8d/source] with no body
[debug] [35m[WD Proxy][39m Got response with status 200: {"sessionId":"484787fa-44f8-4ff9-9721-f7e251366d8d","value":"<?xml version='1.0' encoding='UTF-8' standalone='yes' ?>\r\n<hierarchy index=\"0\" class=\"hierarchy\" rotation=\"0\" width=\"1440\" height=\"2832\">\r\n  <android.widget.FrameLayout index=\"0\" package=\"com.fueled.lago_flutter\" class=\"android.widget.FrameLayout\" text=\"\" checkable=\"false\" checked=\"false\" clickable=\"false\" enabled=\"true\" focusable=\"false\" focused=\"false\" long-clickable=\"false\" password=\"false\" scrollable=\"false\" selected=\"false\" bounds=\"[0,0][1440,2832]\" displayed=\"true\">\r\n    <android.widget.LinearLayout index=\"0\" package=\"com.fueled.lago_flutter\" class=\"android.widget.LinearLayout\" text=\"\" checkable=\"false\" checked=\"false\" clickable=\"false\" enabled=\"true\" focusable=\"false\" focused=\"false\" long-clickable=\"false\" password=\"false\" scrollable=\"false\" selected=\"false\" bounds=\"[0,0][1440,2832]\" displayed=\"true\">\r\n      <android.widget.FrameLayout index=\"0\" package=\"c...
[35m[WD Proxy][39m Replacing sessionId 484787fa-44f8-4ff9-9721-f7e251366d8d with 303e53dd-61f1-476a-b527-7ee86e79a84e
[35m[HTTP][39m [37m<-- GET /wd/hub/session/303e53dd-61f1-476a-b527-7ee86e79a84e/source [39m[32m200[39m [90m402 ms - 9618[39m
[35m[HTTP][39m [90m[39m
[35m[HTTP][39m [37m-->[39m [37mGET[39m [37m/wd/hub/session/303e53dd-61f1-476a-b527-7ee86e79a84e/screenshot[39m
[35m[HTTP][39m [90m{}[39m
[debug] [35m[W3C (303e53dd)][39m Calling AppiumDriver.getScreenshot() with args: ["303e53dd-61f1-476a-b527-7ee86e79a84e"]
[debug] [35m[WD Proxy][39m Matched '/screenshot' to command name 'getScreenshot'
[debug] [35m[WD Proxy][39m Proxying [GET /screenshot] to [GET http://127.0.0.1:8275/wd/hub/session/484787fa-44f8-4ff9-9721-f7e251366d8d/screenshot] with no body
[debug] [35m[WD Proxy][39m Got response with status 200: {"sessionId":"484787fa-44f8-4ff9-9721-f7e251366d8d","value":"iVBORw0KGgoAAAANSUhEUgAABaAAAAtACAYAAADu24QXAAAAAXNSR0IArs4c6QAAAARzQklUCAgI\nCHwIZIgAACAASURBVHic7N17mNZ1nfj/133fcwiUEXQ4BKQyKTBKK0SKB8QTW62Ghqds3aLjthql\nUnnIvuWqbFaXZLt2sK4OVm5TVK7HNEnXs1K4biKotKOoJOqs6KCjM8zc9+8Pdu6fw3EO9+c+zDwe\n18WF9819vz+vuVW8fPKe9yc1efLkXAAAAAAAQIGlSz0AAAAAAACDkwANAAAAAEAiBGgAAAAAABIh\nQAMAAAAAkAgBGgAAAACARAjQAAAAAAAkQoAGAAAAACARAjQAAAAAAIkQoAEAAAAASIQADQAAAABA\nIgRoAAAAAAASIUADAAAAAJCIqlIPABERqVQqUqlUZLPZ2GOPPeKkk06KOXPmxKRJkyIiYu3atXH3\n3XfHb3/723j++ecjnU5HLpeLXC5X4skBAAAAgO1JTZ48WcGjZNLpdKTT6fjCF74Q8+bNi5EjR0Y6\n3XNjfiqV6hGas9lsvPLKK3HLLbfEV7/61ejs7IxsNlvs0QEAAACAnRCgKYlMJhP77LNPNDU1RW1t\nbWQymX6tk81mo729PT784Q/HI488Ykc0AAAAAJQRAZqiSqVSMXbs2Ljjjjvyx24UQi6Xi5dffjkO\nOeSQQReh6+rqYtddd43XX389Wltbo6urq9QjFU0mk4m6uroYNmxYv94/FD8zAAAAysOYMWNi5MiR\nMWLEiNi4cWNs2LAhXnzxxVKPVXS1tbXR3t5etOs1NjbGBRdcsNPXffWrX43Vq1cXYSKcAU3RZDKZ\n+PnPfx7Tp0/f6piNgUqlUlFXV1fQNYthwoQJUVVVFc8++2w+ktbV1UVDQ0NMmjQp6uvrY/To0TFi\nxIhoa2uL1tbW2LBhQ7S0tMST...
[debug] [35m[W3C (303e53dd)][39m Responding to client with driver.getScreenshot() result: "iVBORw0KGgoAAAANSUhEUgAABaAAAAtACAYAAADu24QXAAAAAXNSR0IArs4c6QAAAARzQklUCAgI\nCHwIZIgAACAASURBVHic7N17mNZ1nfj/133fcwiUEXQ4BKQyKTBKK0SKB8QTW62Ghqds3aLjthql\nUnnIvuWqbFaXZLt2sK4OVm5TVK7HNEnXs1K4biKotKOoJOqs6KCjM8zc9+8Pdu6fw3EO9+c+zDwe\n18WF9819vz+vuVW8fPKe9yc1efLkXAAAAAAAQIGlSz0AAAAAAACDkwANAAAAAEAiBGgAAAAAABIh\nQAMAAAAAkAgBGgAAAACARAjQAAAAAAAkQoAGAAAAACARAjQAAAAAAIkQoAEAAAAASIQADQAAAABA\nIgRoAAAAAAASIUADAAAAAJCIqlIPABERqVQqUqlUZLPZ2GOPPeKkk06KOXPmxKRJkyIiYu3atXH3\n3XfHb3/723j++ecjnU5HLpeLXC5X4skBAAAAgO1JTZ48WcGjZNLpdKTT6fjCF74Q8+bNi5EjR0Y6\n3XNjfiqV6hGas9lsvPLKK3HLLbfEV7/61ejs7IxsNlvs0QEAAACAnRCgKYlMJhP77LNPNDU1RW1t\nbWQymX6tk81mo729PT784Q/HI488Ykc0AAAAAJQRAZqiSqVSMXbs2Ljjjjvyx24UQi6Xi5dffjkO\nOeSQQReh6+rqYtddd43XX389Wltbo6urq9QjFU0mk4m6uroYNmxYv94/FD8zAAAAysOYMWNi5MiR\nMWLEiNi4cWNs2LAhXnzxxVKPVXS1tbXR3t5etOs1NjbGBRdcsNPXffWrX43Vq1cXYSKcAU3RZDKZ\n+PnPfx7Tp0/f6piNgUqlUlFXV1fQNYthwoQJUVVVFc8++2w+ktbV1UVDQ0NMmjQp6uvrY/To0TFi\nxIhoa2uL1tbW2LBhQ7S0tMSTTz4Zzc3N+d/EM5lMTJw4MTo7O2PdunWl/LIKIpPJxPTp0+PII4+M\n+vr6fq...
[35m[HTTP][39m [37m<-- GET /wd/hub/session/303e53dd-61f1-476a-b527-7ee86e79a84e/screenshot [39m[32m200[39m [90m1030 ms - 149222[39m
[35m[HTTP][39m [90m[39m
[35m[HTTP][39m [37m-->[39m [37mDELETE[39m [37m/wd/hub/session/303e53dd-61f1-476a-b527-7ee86e79a84e[39m
[35m[HTTP][39m [90m{}[39m
[debug] [35m[W3C (303e53dd)][39m Calling AppiumDriver.deleteSession() with args: ["303e53dd-61f1-476a-b527-7ee86e79a84e"]
[debug] [35m[BaseDriver][39m Event 'quitSessionRequested' logged at 1655192920602 (12:48:40 GMT+0500 (Pakistan Standard Time))
[35m[Appium][39m Removing session 303e53dd-61f1-476a-b527-7ee86e79a84e from our master session list
[debug] [35m[UiAutomator2][39m Deleting UiAutomator2 session
[debug] [35m[UiAutomator2][39m Deleting UiAutomator2 server session
[debug] [35m[WD Proxy][39m Matched '/' to command name 'deleteSession'
[debug] [35m[WD Proxy][39m Proxying [DELETE /] to [DELETE http://127.0.0.1:8275/wd/hub/session/484787fa-44f8-4ff9-9721-f7e251366d8d] with no body
[debug] [35m[WD Proxy][39m Got response with status 200: {"sessionId":"484787fa-44f8-4ff9-9721-f7e251366d8d","value":null}
[debug] [35m[ADB][39m Running '/Users/mac/.katalon/tools/android_sdk/platform-tools/adb -P 5037 -s emulator-5554 shell am force-stop com.android.settings'
[debug] [35m[Instrumentation][39m .
[debug] [35m[Instrumentation][39m Time: 268.589
[debug] [35m[Instrumentation][39m 
[debug] [35m[Instrumentation][39m OK (1 test)
[debug] [35m[Logcat][39m Stopping logcat capture
[debug] [35m[ADB][39m Removing forwarded port socket connection: 8275 
[debug] [35m[ADB][39m Running '/Users/mac/.katalon/tools/android_sdk/platform-tools/adb -P 5037 -s emulator-5554 forward --remove tcp:8275'
[35m[UiAutomator2][39m Restoring hidden api policy to the device default configuration
[debug] [35m[ADB][39m Running '/Users/mac/.katalon/tools/android_sdk/platform-tools/adb -P 5037 -s emulator-5554 shell 'settings delete global hidden_api_policy_pre_p_apps;settings delete global hidden_api_policy_p_apps;settings delete global hidden_api_policy''
[debug] [35m[BaseDriver][39m Event 'quitSessionFinished' logged at 1655192921129 (12:48:41 GMT+0500 (Pakistan Standard Time))
[debug] [35m[W3C (303e53dd)][39m Received response: null
[debug] [35m[W3C (303e53dd)][39m But deleting session, so not returning
[debug] [35m[W3C (303e53dd)][39m Responding to client with driver.deleteSession() result: null
[35m[HTTP][39m [37m<-- DELETE /wd/hub/session/303e53dd-61f1-476a-b527-7ee86e79a84e [39m[32m200[39m [90m530 ms - 14[39m
[35m[HTTP][39m [90m[39m
